mktextfm LinBiolinum_R
mktextfm LinBiolinum_R
mktextfm LinBiolinum_R
mktextfm LinBiolinum_R/BI
mktextfm LinBiolinum_R
mktextfm LinBiolinum_R/B
mktextfm LinBiolinum_R
mktextfm LinBiolinum_R/I
mktextfm LinBiolinum_R
mktextfm LinBiolinum_R
mktextfm LinBiolinum_R
mktextfm LinBiolinum_R
mktextfm LinBiolinum_R
mktextfm LinBiolinum_R
mktextfm LinBiolinum_R
mktextfm LinBiolinum_R
mktextfm LinBiolinum_R
mktextfm LinBiolinum_R
mktextfm LinBiolinum_R
mktextfm LinBiolinum_R
mktextfm LinBiolinum_R
mktextfm LinBiolinum_R
mktextfm LinBiolinum_R
mktextfm LinBiolinum_R/BI
mktextfm LinBiolinum_R
mktextfm LinBiolinum_R/B
mktextfm LinBiolinum_R
mktextfm LinBiolinum_R/I
mktextfm LinBiolinum_R
mktextfm LinBiolinum_R
mktextfm LinBiolinum_R
mktextfm LinBiolinum_R
mktextfm LinBiolinum_R
mktextfm LinBiolinum_R
mktextfm LinBiolinum_R
mktextfm LinBiolinum_R
mktextfm LinBiolinum_R
mktextfm LinBiolinum_R
mktextfm LinBiolinum_R
mktextfm LinBiolinum_R
mktextfm 
mktextfm 
mktextfm 
mktextfm ._R/BI
mktextfm 
mktextfm ._R/B
mktextfm 
mktextfm ._R/I
mktextfm 
mktextfm 
mktextfm 
mktextfm 
mktextfm 
mktextfm 
mktextfm 
mktextfm 
mktextfm 
mktextfm 
mktextfm 
mktextfm 
